<?xml version="1.0" encoding="UTF-8"?>
<!-- Generated by org.testng.reporters.JUnitReportReporter -->
<testsuite skipped="0" hostname="HP" name="DemoClass" tests="1" failures="0" timestamp="02 Oct 2019 06:02:21 GMT" time="0.016" errors="0">
  <testcase name="demoM1" time="0.016" classname="DemoClass"/>
</testsuite> <!-- DemoClass -->
